<?xml version="1.0" encoding="UTF-8"?>
<testng-results skipped="0" failed="0" ignored="0" total="2" passed="2">
  <reporter-output>
  </reporter-output>
  <suite name="Default suite" duration-ms="1007" started-at="2019-05-23T11:58:50Z" finished-at="2019-05-23T11:58:51Z">
    <groups>
    </groups>
    <test name="Default test" duration-ms="1007" started-at="2019-05-23T11:58:50Z" finished-at="2019-05-23T11:58:51Z">
      <class name="API.Delete_Request">
        <test-method status="PASS" signature="Delete()[pri:0, instance:API.Delete_Request@1e7c7811]" name="Delete" duration-ms="904" started-at="2019-05-23T11:58:50Z" finished-at="2019-05-23T11:58:51Z">
          <reporter-output>
          </reporter-output>
        </test-method> <!-- Delete -->
        <test-method status="PASS" signature="responsebody()[pri:0, instance:API.Delete_Request@1e7c7811]" name="responsebody" duration-ms="78" started-at="2019-05-23T11:58:51Z" finished-at="2019-05-23T11:58:51Z">
          <reporter-output>
          </reporter-output>
        </test-method> <!-- responsebody -->
      </class> <!-- API.Delete_Request -->
    </test> <!-- Default test -->
  </suite> <!-- Default suite -->
</testng-results>
